Determining if the pthread_create exist failed with the following output:
Change Dir: /home/robertslab/rl_workspace_0/build/usb_cam/CMakeFiles/CMakeTmp

Run Build Command:"/usr/bin/make" "cmTC_6004a/fast"
/usr/bin/make -f CMakeFiles/cmTC_6004a.dir/build.make CMakeFiles/cmTC_6004a.dir/build
make[1]: Entering directory '/home/robertslab/rl_workspace_0/build/usb_cam/CMakeFiles/CMakeTmp'
Building C object CMakeFiles/cmTC_6004a.dir/CheckSymbolExists.c.o
/usr/bin/cc    -o CMakeFiles/cmTC_6004a.dir/CheckSymbolExists.c.o   -c /home/robertslab/rl_workspace_0/build/usb_cam/CMakeFiles/CMakeTmp/CheckSymbolExists.c
Linking C executable cmTC_6004a
/usr/bin/cmake -E cmake_link_script CMakeFiles/cmTC_6004a.dir/link.txt --verbose=1
/usr/bin/cc      -rdynamic CMakeFiles/cmTC_6004a.dir/CheckSymbolExists.c.o  -o cmTC_6004a 
CMakeFiles/cmTC_6004a.dir/CheckSymbolExists.c.o: In function `main':
CheckSymbolExists.c:(.text+0x1b): undefined reference to `pthread_create'
collect2: error: ld returned 1 exit status
CMakeFiles/cmTC_6004a.dir/build.make:97: recipe for target 'cmTC_6004a' failed
make[1]: *** [cmTC_6004a] Error 1
make[1]: Leaving directory '/home/robertslab/rl_workspace_0/build/usb_cam/CMakeFiles/CMakeTmp'
Makefile:126: recipe for target 'cmTC_6004a/fast' failed
make: *** [cmTC_6004a/fast] Error 2

File /home/robertslab/rl_workspace_0/build/usb_cam/CMakeFiles/CMakeTmp/CheckSymbolExists.c:
/* */
#include <pthread.h>

int main(int argc, char** argv)
{
  (void)argv;
#ifndef pthread_create
  return ((int*)(&pthread_create))[argc];
#else
  (void)argc;
  return 0;
#endif
}

Determining if the function pthread_create exists in the pthreads failed with the following output:
Change Dir: /home/robertslab/rl_workspace_0/build/usb_cam/CMakeFiles/CMakeTmp

Run Build Command:"/usr/bin/make" "cmTC_1f80b/fast"
/usr/bin/make -f CMakeFiles/cmTC_1f80b.dir/build.make CMakeFiles/cmTC_1f80b.dir/build
make[1]: Entering directory '/home/robertslab/rl_workspace_0/build/usb_cam/CMakeFiles/CMakeTmp'
Building C object CMakeFiles/cmTC_1f80b.dir/CheckFunctionExists.c.o
/usr/bin/cc   -DCHECK_FUNCTION_EXISTS=pthread_create   -o CMakeFiles/cmTC_1f80b.dir/CheckFunctionExists.c.o   -c /usr/share/cmake-3.10/Modules/CheckFunctionExists.c
Linking C executable cmTC_1f80b
/usr/bin/cmake -E cmake_link_script CMakeFiles/cmTC_1f80b.dir/link.txt --verbose=1
/usr/bin/cc  -DCHECK_FUNCTION_EXISTS=pthread_create    -rdynamic CMakeFiles/cmTC_1f80b.dir/CheckFunctionExists.c.o  -o cmTC_1f80b -lpthreads 
/usr/bin/ld: cannot find -lpthreads
collect2: error: ld returned 1 exit status
CMakeFiles/cmTC_1f80b.dir/build.make:97: recipe for target 'cmTC_1f80b' failed
make[1]: *** [cmTC_1f80b] Error 1
make[1]: Leaving directory '/home/robertslab/rl_workspace_0/build/usb_cam/CMakeFiles/CMakeTmp'
Makefile:126: recipe for target 'cmTC_1f80b/fast' failed
make: *** [cmTC_1f80b/fast] Error 2


