Determining if the pthread_create exist failed with the following output:
Change Dir: /home/robertslab/rl_workspace_0/build/rosserial_embeddedlinux/CMakeFiles/CMakeTmp

Run Build Command:"/usr/bin/make" "cmTC_1b462/fast"
/usr/bin/make -f CMakeFiles/cmTC_1b462.dir/build.make CMakeFiles/cmTC_1b462.dir/build
make[1]: Entering directory '/home/robertslab/rl_workspace_0/build/rosserial_embeddedlinux/CMakeFiles/CMakeTmp'
Building C object CMakeFiles/cmTC_1b462.dir/CheckSymbolExists.c.o
/usr/bin/cc    -o CMakeFiles/cmTC_1b462.dir/CheckSymbolExists.c.o   -c /home/robertslab/rl_workspace_0/build/rosserial_embeddedlinux/CMakeFiles/CMakeTmp/CheckSymbolExists.c
Linking C executable cmTC_1b462
/usr/bin/cmake -E cmake_link_script CMakeFiles/cmTC_1b462.dir/link.txt --verbose=1
/usr/bin/cc      -rdynamic CMakeFiles/cmTC_1b462.dir/CheckSymbolExists.c.o  -o cmTC_1b462 
CMakeFiles/cmTC_1b462.dir/CheckSymbolExists.c.o: In function `main':
CheckSymbolExists.c:(.text+0x1b): undefined reference to `pthread_create'
collect2: error: ld returned 1 exit status
CMakeFiles/cmTC_1b462.dir/build.make:97: recipe for target 'cmTC_1b462' failed
make[1]: *** [cmTC_1b462] Error 1
make[1]: Leaving directory '/home/robertslab/rl_workspace_0/build/rosserial_embeddedlinux/CMakeFiles/CMakeTmp'
Makefile:126: recipe for target 'cmTC_1b462/fast' failed
make: *** [cmTC_1b462/fast] Error 2

File /home/robertslab/rl_workspace_0/build/rosserial_embeddedlinux/CMakeFiles/CMakeTmp/CheckSymbolExists.c:
/* */
#include <pthread.h>

int main(int argc, char** argv)
{
  (void)argv;
#ifndef pthread_create
  return ((int*)(&pthread_create))[argc];
#else
  (void)argc;
  return 0;
#endif
}

Determining if the function pthread_create exists in the pthreads failed with the following output:
Change Dir: /home/robertslab/rl_workspace_0/build/rosserial_embeddedlinux/CMakeFiles/CMakeTmp

Run Build Command:"/usr/bin/make" "cmTC_1ee2f/fast"
/usr/bin/make -f CMakeFiles/cmTC_1ee2f.dir/build.make CMakeFiles/cmTC_1ee2f.dir/build
make[1]: Entering directory '/home/robertslab/rl_workspace_0/build/rosserial_embeddedlinux/CMakeFiles/CMakeTmp'
Building C object CMakeFiles/cmTC_1ee2f.dir/CheckFunctionExists.c.o
/usr/bin/cc   -DCHECK_FUNCTION_EXISTS=pthread_create   -o CMakeFiles/cmTC_1ee2f.dir/CheckFunctionExists.c.o   -c /usr/share/cmake-3.10/Modules/CheckFunctionExists.c
Linking C executable cmTC_1ee2f
/usr/bin/cmake -E cmake_link_script CMakeFiles/cmTC_1ee2f.dir/link.txt --verbose=1
/usr/bin/cc  -DCHECK_FUNCTION_EXISTS=pthread_create    -rdynamic CMakeFiles/cmTC_1ee2f.dir/CheckFunctionExists.c.o  -o cmTC_1ee2f -lpthreads 
/usr/bin/ld: cannot find -lpthreads
collect2: error: ld returned 1 exit status
CMakeFiles/cmTC_1ee2f.dir/build.make:97: recipe for target 'cmTC_1ee2f' failed
make[1]: *** [cmTC_1ee2f] Error 1
make[1]: Leaving directory '/home/robertslab/rl_workspace_0/build/rosserial_embeddedlinux/CMakeFiles/CMakeTmp'
Makefile:126: recipe for target 'cmTC_1ee2f/fast' failed
make: *** [cmTC_1ee2f/fast] Error 2


