Determining if the pthread_create exist failed with the following output:
Change Dir: /home/robertslab/rl_workspace_0/build/rosserial_vex_cortex/CMakeFiles/CMakeTmp

Run Build Command:"/usr/bin/make" "cmTC_acda3/fast"
/usr/bin/make -f CMakeFiles/cmTC_acda3.dir/build.make CMakeFiles/cmTC_acda3.dir/build
make[1]: Entering directory '/home/robertslab/rl_workspace_0/build/rosserial_vex_cortex/CMakeFiles/CMakeTmp'
Building C object CMakeFiles/cmTC_acda3.dir/CheckSymbolExists.c.o
/usr/bin/cc    -o CMakeFiles/cmTC_acda3.dir/CheckSymbolExists.c.o   -c /home/robertslab/rl_workspace_0/build/rosserial_vex_cortex/CMakeFiles/CMakeTmp/CheckSymbolExists.c
Linking C executable cmTC_acda3
/usr/bin/cmake -E cmake_link_script CMakeFiles/cmTC_acda3.dir/link.txt --verbose=1
/usr/bin/cc      -rdynamic CMakeFiles/cmTC_acda3.dir/CheckSymbolExists.c.o  -o cmTC_acda3 
CMakeFiles/cmTC_acda3.dir/CheckSymbolExists.c.o: In function `main':
CheckSymbolExists.c:(.text+0x1b): undefined reference to `pthread_create'
collect2: error: ld returned 1 exit status
CMakeFiles/cmTC_acda3.dir/build.make:97: recipe for target 'cmTC_acda3' failed
make[1]: *** [cmTC_acda3] Error 1
make[1]: Leaving directory '/home/robertslab/rl_workspace_0/build/rosserial_vex_cortex/CMakeFiles/CMakeTmp'
Makefile:126: recipe for target 'cmTC_acda3/fast' failed
make: *** [cmTC_acda3/fast] Error 2

File /home/robertslab/rl_workspace_0/build/rosserial_vex_cortex/CMakeFiles/CMakeTmp/CheckSymbolExists.c:
/* */
#include <pthread.h>

int main(int argc, char** argv)
{
  (void)argv;
#ifndef pthread_create
  return ((int*)(&pthread_create))[argc];
#else
  (void)argc;
  return 0;
#endif
}

Determining if the function pthread_create exists in the pthreads failed with the following output:
Change Dir: /home/robertslab/rl_workspace_0/build/rosserial_vex_cortex/CMakeFiles/CMakeTmp

Run Build Command:"/usr/bin/make" "cmTC_df961/fast"
/usr/bin/make -f CMakeFiles/cmTC_df961.dir/build.make CMakeFiles/cmTC_df961.dir/build
make[1]: Entering directory '/home/robertslab/rl_workspace_0/build/rosserial_vex_cortex/CMakeFiles/CMakeTmp'
Building C object CMakeFiles/cmTC_df961.dir/CheckFunctionExists.c.o
/usr/bin/cc   -DCHECK_FUNCTION_EXISTS=pthread_create   -o CMakeFiles/cmTC_df961.dir/CheckFunctionExists.c.o   -c /usr/share/cmake-3.10/Modules/CheckFunctionExists.c
Linking C executable cmTC_df961
/usr/bin/cmake -E cmake_link_script CMakeFiles/cmTC_df961.dir/link.txt --verbose=1
/usr/bin/cc  -DCHECK_FUNCTION_EXISTS=pthread_create    -rdynamic CMakeFiles/cmTC_df961.dir/CheckFunctionExists.c.o  -o cmTC_df961 -lpthreads 
/usr/bin/ld: cannot find -lpthreads
collect2: error: ld returned 1 exit status
CMakeFiles/cmTC_df961.dir/build.make:97: recipe for target 'cmTC_df961' failed
make[1]: *** [cmTC_df961] Error 1
make[1]: Leaving directory '/home/robertslab/rl_workspace_0/build/rosserial_vex_cortex/CMakeFiles/CMakeTmp'
Makefile:126: recipe for target 'cmTC_df961/fast' failed
make: *** [cmTC_df961/fast] Error 2


