Determining if the pthread_create exist failed with the following output:
Change Dir: /home/robertslab/rl_workspace_0/build/grble_middleman/CMakeFiles/CMakeTmp

Run Build Command:"/usr/bin/make" "cmTC_cea8a/fast"
/usr/bin/make -f CMakeFiles/cmTC_cea8a.dir/build.make CMakeFiles/cmTC_cea8a.dir/build
make[1]: Entering directory '/home/robertslab/rl_workspace_0/build/grble_middleman/CMakeFiles/CMakeTmp'
Building C object CMakeFiles/cmTC_cea8a.dir/CheckSymbolExists.c.o
/usr/bin/cc    -o CMakeFiles/cmTC_cea8a.dir/CheckSymbolExists.c.o   -c /home/robertslab/rl_workspace_0/build/grble_middleman/CMakeFiles/CMakeTmp/CheckSymbolExists.c
Linking C executable cmTC_cea8a
/usr/bin/cmake -E cmake_link_script CMakeFiles/cmTC_cea8a.dir/link.txt --verbose=1
/usr/bin/cc      -rdynamic CMakeFiles/cmTC_cea8a.dir/CheckSymbolExists.c.o  -o cmTC_cea8a 
CMakeFiles/cmTC_cea8a.dir/CheckSymbolExists.c.o: In function `main':
CheckSymbolExists.c:(.text+0x1b): undefined reference to `pthread_create'
collect2: error: ld returned 1 exit status
CMakeFiles/cmTC_cea8a.dir/build.make:97: recipe for target 'cmTC_cea8a' failed
make[1]: *** [cmTC_cea8a] Error 1
make[1]: Leaving directory '/home/robertslab/rl_workspace_0/build/grble_middleman/CMakeFiles/CMakeTmp'
Makefile:126: recipe for target 'cmTC_cea8a/fast' failed
make: *** [cmTC_cea8a/fast] Error 2

File /home/robertslab/rl_workspace_0/build/grble_middleman/CMakeFiles/CMakeTmp/CheckSymbolExists.c:
/* */
#include <pthread.h>

int main(int argc, char** argv)
{
  (void)argv;
#ifndef pthread_create
  return ((int*)(&pthread_create))[argc];
#else
  (void)argc;
  return 0;
#endif
}

Determining if the function pthread_create exists in the pthreads failed with the following output:
Change Dir: /home/robertslab/rl_workspace_0/build/grble_middleman/CMakeFiles/CMakeTmp

Run Build Command:"/usr/bin/make" "cmTC_1ab8d/fast"
/usr/bin/make -f CMakeFiles/cmTC_1ab8d.dir/build.make CMakeFiles/cmTC_1ab8d.dir/build
make[1]: Entering directory '/home/robertslab/rl_workspace_0/build/grble_middleman/CMakeFiles/CMakeTmp'
Building C object CMakeFiles/cmTC_1ab8d.dir/CheckFunctionExists.c.o
/usr/bin/cc   -DCHECK_FUNCTION_EXISTS=pthread_create   -o CMakeFiles/cmTC_1ab8d.dir/CheckFunctionExists.c.o   -c /usr/share/cmake-3.10/Modules/CheckFunctionExists.c
Linking C executable cmTC_1ab8d
/usr/bin/cmake -E cmake_link_script CMakeFiles/cmTC_1ab8d.dir/link.txt --verbose=1
/usr/bin/cc  -DCHECK_FUNCTION_EXISTS=pthread_create    -rdynamic CMakeFiles/cmTC_1ab8d.dir/CheckFunctionExists.c.o  -o cmTC_1ab8d -lpthreads 
/usr/bin/ld: cannot find -lpthreads
collect2: error: ld returned 1 exit status
CMakeFiles/cmTC_1ab8d.dir/build.make:97: recipe for target 'cmTC_1ab8d' failed
make[1]: *** [cmTC_1ab8d] Error 1
make[1]: Leaving directory '/home/robertslab/rl_workspace_0/build/grble_middleman/CMakeFiles/CMakeTmp'
Makefile:126: recipe for target 'cmTC_1ab8d/fast' failed
make: *** [cmTC_1ab8d/fast] Error 2


