Determining if the pthread_create exist failed with the following output:
Change Dir: /home/robertslab/rl_workspace_0/build/apriltag_ros/CMakeFiles/CMakeTmp

Run Build Command:"/usr/bin/make" "cmTC_93243/fast"
/usr/bin/make -f CMakeFiles/cmTC_93243.dir/build.make CMakeFiles/cmTC_93243.dir/build
make[1]: Entering directory '/home/robertslab/rl_workspace_0/build/apriltag_ros/CMakeFiles/CMakeTmp'
Building C object CMakeFiles/cmTC_93243.dir/CheckSymbolExists.c.o
/usr/bin/cc    -o CMakeFiles/cmTC_93243.dir/CheckSymbolExists.c.o   -c /home/robertslab/rl_workspace_0/build/apriltag_ros/CMakeFiles/CMakeTmp/CheckSymbolExists.c
Linking C executable cmTC_93243
/usr/bin/cmake -E cmake_link_script CMakeFiles/cmTC_93243.dir/link.txt --verbose=1
/usr/bin/cc      -rdynamic CMakeFiles/cmTC_93243.dir/CheckSymbolExists.c.o  -o cmTC_93243 
CMakeFiles/cmTC_93243.dir/CheckSymbolExists.c.o: In function `main':
CheckSymbolExists.c:(.text+0x1b): undefined reference to `pthread_create'
collect2: error: ld returned 1 exit status
CMakeFiles/cmTC_93243.dir/build.make:97: recipe for target 'cmTC_93243' failed
make[1]: *** [cmTC_93243] Error 1
make[1]: Leaving directory '/home/robertslab/rl_workspace_0/build/apriltag_ros/CMakeFiles/CMakeTmp'
Makefile:126: recipe for target 'cmTC_93243/fast' failed
make: *** [cmTC_93243/fast] Error 2

File /home/robertslab/rl_workspace_0/build/apriltag_ros/CMakeFiles/CMakeTmp/CheckSymbolExists.c:
/* */
#include <pthread.h>

int main(int argc, char** argv)
{
  (void)argv;
#ifndef pthread_create
  return ((int*)(&pthread_create))[argc];
#else
  (void)argc;
  return 0;
#endif
}

Determining if the function pthread_create exists in the pthreads failed with the following output:
Change Dir: /home/robertslab/rl_workspace_0/build/apriltag_ros/CMakeFiles/CMakeTmp

Run Build Command:"/usr/bin/make" "cmTC_ad798/fast"
/usr/bin/make -f CMakeFiles/cmTC_ad798.dir/build.make CMakeFiles/cmTC_ad798.dir/build
make[1]: Entering directory '/home/robertslab/rl_workspace_0/build/apriltag_ros/CMakeFiles/CMakeTmp'
Building C object CMakeFiles/cmTC_ad798.dir/CheckFunctionExists.c.o
/usr/bin/cc   -DCHECK_FUNCTION_EXISTS=pthread_create   -o CMakeFiles/cmTC_ad798.dir/CheckFunctionExists.c.o   -c /usr/share/cmake-3.10/Modules/CheckFunctionExists.c
Linking C executable cmTC_ad798
/usr/bin/cmake -E cmake_link_script CMakeFiles/cmTC_ad798.dir/link.txt --verbose=1
/usr/bin/cc  -DCHECK_FUNCTION_EXISTS=pthread_create    -rdynamic CMakeFiles/cmTC_ad798.dir/CheckFunctionExists.c.o  -o cmTC_ad798 -lpthreads 
/usr/bin/ld: cannot find -lpthreads
collect2: error: ld returned 1 exit status
CMakeFiles/cmTC_ad798.dir/build.make:97: recipe for target 'cmTC_ad798' failed
make[1]: *** [cmTC_ad798] Error 1
make[1]: Leaving directory '/home/robertslab/rl_workspace_0/build/apriltag_ros/CMakeFiles/CMakeTmp'
Makefile:126: recipe for target 'cmTC_ad798/fast' failed
make: *** [cmTC_ad798/fast] Error 2


