Determining if the pthread_create exist failed with the following output:
Change Dir: /home/robertslab/rl_workspace_0/build/image_view/CMakeFiles/CMakeTmp

Run Build Command:"/usr/bin/make" "cmTC_594ca/fast"
/usr/bin/make -f CMakeFiles/cmTC_594ca.dir/build.make CMakeFiles/cmTC_594ca.dir/build
make[1]: Entering directory '/home/robertslab/rl_workspace_0/build/image_view/CMakeFiles/CMakeTmp'
Building C object CMakeFiles/cmTC_594ca.dir/CheckSymbolExists.c.o
/usr/bin/cc    -o CMakeFiles/cmTC_594ca.dir/CheckSymbolExists.c.o   -c /home/robertslab/rl_workspace_0/build/image_view/CMakeFiles/CMakeTmp/CheckSymbolExists.c
Linking C executable cmTC_594ca
/usr/bin/cmake -E cmake_link_script CMakeFiles/cmTC_594ca.dir/link.txt --verbose=1
/usr/bin/cc      -rdynamic CMakeFiles/cmTC_594ca.dir/CheckSymbolExists.c.o  -o cmTC_594ca 
CMakeFiles/cmTC_594ca.dir/CheckSymbolExists.c.o: In function `main':
CheckSymbolExists.c:(.text+0x1b): undefined reference to `pthread_create'
collect2: error: ld returned 1 exit status
CMakeFiles/cmTC_594ca.dir/build.make:97: recipe for target 'cmTC_594ca' failed
make[1]: *** [cmTC_594ca] Error 1
make[1]: Leaving directory '/home/robertslab/rl_workspace_0/build/image_view/CMakeFiles/CMakeTmp'
Makefile:126: recipe for target 'cmTC_594ca/fast' failed
make: *** [cmTC_594ca/fast] Error 2

File /home/robertslab/rl_workspace_0/build/image_view/CMakeFiles/CMakeTmp/CheckSymbolExists.c:
/* */
#include <pthread.h>

int main(int argc, char** argv)
{
  (void)argv;
#ifndef pthread_create
  return ((int*)(&pthread_create))[argc];
#else
  (void)argc;
  return 0;
#endif
}

Determining if the function pthread_create exists in the pthreads failed with the following output:
Change Dir: /home/robertslab/rl_workspace_0/build/image_view/CMakeFiles/CMakeTmp

Run Build Command:"/usr/bin/make" "cmTC_b88b4/fast"
/usr/bin/make -f CMakeFiles/cmTC_b88b4.dir/build.make CMakeFiles/cmTC_b88b4.dir/build
make[1]: Entering directory '/home/robertslab/rl_workspace_0/build/image_view/CMakeFiles/CMakeTmp'
Building C object CMakeFiles/cmTC_b88b4.dir/CheckFunctionExists.c.o
/usr/bin/cc   -DCHECK_FUNCTION_EXISTS=pthread_create   -o CMakeFiles/cmTC_b88b4.dir/CheckFunctionExists.c.o   -c /usr/share/cmake-3.10/Modules/CheckFunctionExists.c
Linking C executable cmTC_b88b4
/usr/bin/cmake -E cmake_link_script CMakeFiles/cmTC_b88b4.dir/link.txt --verbose=1
/usr/bin/cc  -DCHECK_FUNCTION_EXISTS=pthread_create    -rdynamic CMakeFiles/cmTC_b88b4.dir/CheckFunctionExists.c.o  -o cmTC_b88b4 -lpthreads 
/usr/bin/ld: cannot find -lpthreads
collect2: error: ld returned 1 exit status
CMakeFiles/cmTC_b88b4.dir/build.make:97: recipe for target 'cmTC_b88b4' failed
make[1]: *** [cmTC_b88b4] Error 1
make[1]: Leaving directory '/home/robertslab/rl_workspace_0/build/image_view/CMakeFiles/CMakeTmp'
Makefile:126: recipe for target 'cmTC_b88b4/fast' failed
make: *** [cmTC_b88b4/fast] Error 2


