[35m[1mScanning dependencies of target apriltag[0m
[  2%] [32mBuilding C object CMakeFiles/apriltag.dir/apriltag.c.o[0m
[  5%] [32mBuilding C object CMakeFiles/apriltag.dir/apriltag_pose.c.o[0m
[  7%] [32mBuilding C object CMakeFiles/apriltag.dir/apriltag_quad_thresh.c.o[0m
[ 10%] [32mBuilding C object CMakeFiles/apriltag.dir/common/g2d.c.o[0m
[ 12%] [32mBuilding C object CMakeFiles/apriltag.dir/common/getopt.c.o[0m
[ 15%] [32mBuilding C object CMakeFiles/apriltag.dir/common/homography.c.o[0m
[ 17%] [32mBuilding C object CMakeFiles/apriltag.dir/common/image_u8.c.o[0m
[ 20%] [32mBuilding C object CMakeFiles/apriltag.dir/common/image_u8x3.c.o[0m
[ 23%] [32mBuilding C object CMakeFiles/apriltag.dir/common/image_u8x4.c.o[0m
[ 25%] [32mBuilding C object CMakeFiles/apriltag.dir/common/matd.c.o[0m
[ 28%] [32mBuilding C object CMakeFiles/apriltag.dir/common/pam.c.o[0m
[ 30%] [32mBuilding C object CMakeFiles/apriltag.dir/common/pjpeg-idct.c.o[0m
[ 33%] [32mBuilding C object CMakeFiles/apriltag.dir/common/pjpeg.c.o[0m
[ 35%] [32mBuilding C object CMakeFiles/apriltag.dir/common/pnm.c.o[0m
[ 38%] [32mBuilding C object CMakeFiles/apriltag.dir/common/string_util.c.o[0m
[ 41%] [32mBuilding C object CMakeFiles/apriltag.dir/common/svd22.c.o[0m
[ 43%] [32mBuilding C object CMakeFiles/apriltag.dir/common/time_util.c.o[0m
[ 46%] [32mBuilding C object CMakeFiles/apriltag.dir/common/unionfind.c.o[0m
[ 48%] [32mBuilding C object CMakeFiles/apriltag.dir/common/workerpool.c.o[0m
[ 51%] [32mBuilding C object CMakeFiles/apriltag.dir/common/zarray.c.o[0m
[ 53%] [32mBuilding C object CMakeFiles/apriltag.dir/common/zhash.c.o[0m
[ 56%] [32mBuilding C object CMakeFiles/apriltag.dir/common/zmaxheap.c.o[0m
[ 58%] [32mBuilding C object CMakeFiles/apriltag.dir/tag16h5.c.o[0m
[ 61%] [32mBuilding C object CMakeFiles/apriltag.dir/tag25h9.c.o[0m
[ 64%] [32mBuilding C object CMakeFiles/apriltag.dir/tag36h11.c.o[0m
[ 66%] [32mBuilding C object CMakeFiles/apriltag.dir/tagCircle21h7.c.o[0m
[ 69%] [32mBuilding C object CMakeFiles/apriltag.dir/tagCircle49h12.c.o[0m
[ 71%] [32mBuilding C object CMakeFiles/apriltag.dir/tagCustom48h12.c.o[0m
[ 74%] [32mBuilding C object CMakeFiles/apriltag.dir/tagStandard41h12.c.o[0m
[ 76%] [32mBuilding C object CMakeFiles/apriltag.dir/tagStandard52h13.c.o[0m
[ 79%] [32m[1mLinking C shared library lib/libapriltag.so[0m
[ 79%] Built target apriltag
[35m[1mScanning dependencies of target apriltag_python[0m
[ 82%] [34m[1mGenerating apriltag_py_type.docstring.h[0m
[ 84%] [34m[1mGenerating apriltag_detect.docstring.h[0m
[ 87%] [34m[1mGenerating apriltag_pywrap.o[0m
[ 89%] [34m[1mGenerating apriltag.cpython-36m-x86_64-linux-gnu.so[0m
[ 89%] Built target apriltag_python
[35m[1mScanning dependencies of target apriltag_demo[0m
[ 92%] [32mBuilding C object CMakeFiles/apriltag_demo.dir/example/apriltag_demo.c.o[0m
[ 94%] [32m[1mLinking C executable apriltag_demo[0m
[ 94%] Built target apriltag_demo
[35m[1mScanning dependencies of target opencv_demo[0m
[ 97%] [32mBuilding CXX object CMakeFiles/opencv_demo.dir/example/opencv_demo.cc.o[0m
[100%] [32m[1mLinking CXX executable opencv_demo[0m
[100%] Built target opencv_demo
