Determining if the pthread_create exist failed with the following output:
Change Dir: /home/robertslab/rl_workspace_0/build/rosserial_windows/CMakeFiles/CMakeTmp

Run Build Command:"/usr/bin/make" "cmTC_05bf5/fast"
/usr/bin/make -f CMakeFiles/cmTC_05bf5.dir/build.make CMakeFiles/cmTC_05bf5.dir/build
make[1]: Entering directory '/home/robertslab/rl_workspace_0/build/rosserial_windows/CMakeFiles/CMakeTmp'
Building C object CMakeFiles/cmTC_05bf5.dir/CheckSymbolExists.c.o
/usr/bin/cc    -o CMakeFiles/cmTC_05bf5.dir/CheckSymbolExists.c.o   -c /home/robertslab/rl_workspace_0/build/rosserial_windows/CMakeFiles/CMakeTmp/CheckSymbolExists.c
Linking C executable cmTC_05bf5
/usr/bin/cmake -E cmake_link_script CMakeFiles/cmTC_05bf5.dir/link.txt --verbose=1
/usr/bin/cc      -rdynamic CMakeFiles/cmTC_05bf5.dir/CheckSymbolExists.c.o  -o cmTC_05bf5 
CMakeFiles/cmTC_05bf5.dir/CheckSymbolExists.c.o: In function `main':
CheckSymbolExists.c:(.text+0x1b): undefined reference to `pthread_create'
collect2: error: ld returned 1 exit status
CMakeFiles/cmTC_05bf5.dir/build.make:97: recipe for target 'cmTC_05bf5' failed
make[1]: *** [cmTC_05bf5] Error 1
make[1]: Leaving directory '/home/robertslab/rl_workspace_0/build/rosserial_windows/CMakeFiles/CMakeTmp'
Makefile:126: recipe for target 'cmTC_05bf5/fast' failed
make: *** [cmTC_05bf5/fast] Error 2

File /home/robertslab/rl_workspace_0/build/rosserial_windows/CMakeFiles/CMakeTmp/CheckSymbolExists.c:
/* */
#include <pthread.h>

int main(int argc, char** argv)
{
  (void)argv;
#ifndef pthread_create
  return ((int*)(&pthread_create))[argc];
#else
  (void)argc;
  return 0;
#endif
}

Determining if the function pthread_create exists in the pthreads failed with the following output:
Change Dir: /home/robertslab/rl_workspace_0/build/rosserial_windows/CMakeFiles/CMakeTmp

Run Build Command:"/usr/bin/make" "cmTC_f088d/fast"
/usr/bin/make -f CMakeFiles/cmTC_f088d.dir/build.make CMakeFiles/cmTC_f088d.dir/build
make[1]: Entering directory '/home/robertslab/rl_workspace_0/build/rosserial_windows/CMakeFiles/CMakeTmp'
Building C object CMakeFiles/cmTC_f088d.dir/CheckFunctionExists.c.o
/usr/bin/cc   -DCHECK_FUNCTION_EXISTS=pthread_create   -o CMakeFiles/cmTC_f088d.dir/CheckFunctionExists.c.o   -c /usr/share/cmake-3.10/Modules/CheckFunctionExists.c
Linking C executable cmTC_f088d
/usr/bin/cmake -E cmake_link_script CMakeFiles/cmTC_f088d.dir/link.txt --verbose=1
/usr/bin/cc  -DCHECK_FUNCTION_EXISTS=pthread_create    -rdynamic CMakeFiles/cmTC_f088d.dir/CheckFunctionExists.c.o  -o cmTC_f088d -lpthreads 
/usr/bin/ld: cannot find -lpthreads
collect2: error: ld returned 1 exit status
CMakeFiles/cmTC_f088d.dir/build.make:97: recipe for target 'cmTC_f088d' failed
make[1]: *** [cmTC_f088d] Error 1
make[1]: Leaving directory '/home/robertslab/rl_workspace_0/build/rosserial_windows/CMakeFiles/CMakeTmp'
Makefile:126: recipe for target 'cmTC_f088d/fast' failed
make: *** [cmTC_f088d/fast] Error 2


