Linked: (/home/robertslab/rl_workspace_0/devel/.private/soft_robot_learning/include/soft_robot_learning/gcode_packager.h, /home/robertslab/rl_workspace_0/devel/include/soft_robot_learning/gcode_packager.h)
Linked: (/home/robertslab/rl_workspace_0/devel/.private/soft_robot_learning/include/soft_robot_learning/apriltag_data.h, /home/robertslab/rl_workspace_0/devel/include/soft_robot_learning/apriltag_data.h)
Linked: (/home/robertslab/rl_workspace_0/devel/.private/soft_robot_learning/include/soft_robot_learning/sensor_processing.h, /home/robertslab/rl_workspace_0/devel/include/soft_robot_learning/sensor_processing.h)
Linked: (/home/robertslab/rl_workspace_0/devel/.private/soft_robot_learning/lib/pkgconfig/soft_robot_learning.pc, /home/robertslab/rl_workspace_0/devel/lib/pkgconfig/soft_robot_learning.pc)
Linked: (/home/robertslab/rl_workspace_0/devel/.private/soft_robot_learning/lib/python2.7/dist-packages/soft_robot_learning/__init__.py, /home/robertslab/rl_workspace_0/devel/lib/python2.7/dist-packages/soft_robot_learning/__init__.py)
Linked: (/home/robertslab/rl_workspace_0/devel/.private/soft_robot_learning/lib/python2.7/dist-packages/soft_robot_learning/msg/__init__.py, /home/robertslab/rl_workspace_0/devel/lib/python2.7/dist-packages/soft_robot_learning/msg/__init__.py)
Linked: (/home/robertslab/rl_workspace_0/devel/.private/soft_robot_learning/lib/python2.7/dist-packages/soft_robot_learning/msg/_apriltag_data.py, /home/robertslab/rl_workspace_0/devel/lib/python2.7/dist-packages/soft_robot_learning/msg/_apriltag_data.py)
Linked: (/home/robertslab/rl_workspace_0/devel/.private/soft_robot_learning/lib/python2.7/dist-packages/soft_robot_learning/msg/_sensor_processing.py, /home/robertslab/rl_workspace_0/devel/lib/python2.7/dist-packages/soft_robot_learning/msg/_sensor_processing.py)
Linked: (/home/robertslab/rl_workspace_0/devel/.private/soft_robot_learning/lib/python2.7/dist-packages/soft_robot_learning/msg/_gcode_packager.py, /home/robertslab/rl_workspace_0/devel/lib/python2.7/dist-packages/soft_robot_learning/msg/_gcode_packager.py)
Linked: (/home/robertslab/rl_workspace_0/devel/.private/soft_robot_learning/share/soft_robot_learning/cmake/soft_robot_learningConfig-version.cmake, /home/robertslab/rl_workspace_0/devel/share/soft_robot_learning/cmake/soft_robot_learningConfig-version.cmake)
Linked: (/home/robertslab/rl_workspace_0/devel/.private/soft_robot_learning/share/soft_robot_learning/cmake/soft_robot_learningConfig.cmake, /home/robertslab/rl_workspace_0/devel/share/soft_robot_learning/cmake/soft_robot_learningConfig.cmake)
Linked: (/home/robertslab/rl_workspace_0/devel/.private/soft_robot_learning/share/soft_robot_learning/cmake/soft_robot_learning-msg-extras.cmake, /home/robertslab/rl_workspace_0/devel/share/soft_robot_learning/cmake/soft_robot_learning-msg-extras.cmake)
Linked: (/home/robertslab/rl_workspace_0/devel/.private/soft_robot_learning/share/soft_robot_learning/cmake/soft_robot_learning-msg-paths.cmake, /home/robertslab/rl_workspace_0/devel/share/soft_robot_learning/cmake/soft_robot_learning-msg-paths.cmake)
Linked: (/home/robertslab/rl_workspace_0/devel/.private/soft_robot_learning/share/roseus/ros/soft_robot_learning/manifest.l, /home/robertslab/rl_workspace_0/devel/share/roseus/ros/soft_robot_learning/manifest.l)
Linked: (/home/robertslab/rl_workspace_0/devel/.private/soft_robot_learning/share/roseus/ros/soft_robot_learning/msg/sensor_processing.l, /home/robertslab/rl_workspace_0/devel/share/roseus/ros/soft_robot_learning/msg/sensor_processing.l)
Linked: (/home/robertslab/rl_workspace_0/devel/.private/soft_robot_learning/share/roseus/ros/soft_robot_learning/msg/apriltag_data.l, /home/robertslab/rl_workspace_0/devel/share/roseus/ros/soft_robot_learning/msg/apriltag_data.l)
Linked: (/home/robertslab/rl_workspace_0/devel/.private/soft_robot_learning/share/roseus/ros/soft_robot_learning/msg/gcode_packager.l, /home/robertslab/rl_workspace_0/devel/share/roseus/ros/soft_robot_learning/msg/gcode_packager.l)
Linked: (/home/robertslab/rl_workspace_0/devel/.private/soft_robot_learning/share/gennodejs/ros/soft_robot_learning/_index.js, /home/robertslab/rl_workspace_0/devel/share/gennodejs/ros/soft_robot_learning/_index.js)
Linked: (/home/robertslab/rl_workspace_0/devel/.private/soft_robot_learning/share/gennodejs/ros/soft_robot_learning/msg/apriltag_data.js, /home/robertslab/rl_workspace_0/devel/share/gennodejs/ros/soft_robot_learning/msg/apriltag_data.js)
Linked: (/home/robertslab/rl_workspace_0/devel/.private/soft_robot_learning/share/gennodejs/ros/soft_robot_learning/msg/gcode_packager.js, /home/robertslab/rl_workspace_0/devel/share/gennodejs/ros/soft_robot_learning/msg/gcode_packager.js)
Linked: (/home/robertslab/rl_workspace_0/devel/.private/soft_robot_learning/share/gennodejs/ros/soft_robot_learning/msg/sensor_processing.js, /home/robertslab/rl_workspace_0/devel/share/gennodejs/ros/soft_robot_learning/msg/sensor_processing.js)
Linked: (/home/robertslab/rl_workspace_0/devel/.private/soft_robot_learning/share/gennodejs/ros/soft_robot_learning/msg/_index.js, /home/robertslab/rl_workspace_0/devel/share/gennodejs/ros/soft_robot_learning/msg/_index.js)
Linked: (/home/robertslab/rl_workspace_0/devel/.private/soft_robot_learning/share/common-lisp/ros/soft_robot_learning/msg/_package_apriltag_data.lisp, /home/robertslab/rl_workspace_0/devel/share/common-lisp/ros/soft_robot_learning/msg/_package_apriltag_data.lisp)
Linked: (/home/robertslab/rl_workspace_0/devel/.private/soft_robot_learning/share/common-lisp/ros/soft_robot_learning/msg/_package.lisp, /home/robertslab/rl_workspace_0/devel/share/common-lisp/ros/soft_robot_learning/msg/_package.lisp)
Linked: (/home/robertslab/rl_workspace_0/devel/.private/soft_robot_learning/share/common-lisp/ros/soft_robot_learning/msg/_package_sensor_processing.lisp, /home/robertslab/rl_workspace_0/devel/share/common-lisp/ros/soft_robot_learning/msg/_package_sensor_processing.lisp)
Linked: (/home/robertslab/rl_workspace_0/devel/.private/soft_robot_learning/share/common-lisp/ros/soft_robot_learning/msg/soft_robot_learning-msg.asd, /home/robertslab/rl_workspace_0/devel/share/common-lisp/ros/soft_robot_learning/msg/soft_robot_learning-msg.asd)
Linked: (/home/robertslab/rl_workspace_0/devel/.private/soft_robot_learning/share/common-lisp/ros/soft_robot_learning/msg/apriltag_data.lisp, /home/robertslab/rl_workspace_0/devel/share/common-lisp/ros/soft_robot_learning/msg/apriltag_data.lisp)
Linked: (/home/robertslab/rl_workspace_0/devel/.private/soft_robot_learning/share/common-lisp/ros/soft_robot_learning/msg/gcode_packager.lisp, /home/robertslab/rl_workspace_0/devel/share/common-lisp/ros/soft_robot_learning/msg/gcode_packager.lisp)
Linked: (/home/robertslab/rl_workspace_0/devel/.private/soft_robot_learning/share/common-lisp/ros/soft_robot_learning/msg/_package_gcode_packager.lisp, /home/robertslab/rl_workspace_0/devel/share/common-lisp/ros/soft_robot_learning/msg/_package_gcode_packager.lisp)
Linked: (/home/robertslab/rl_workspace_0/devel/.private/soft_robot_learning/share/common-lisp/ros/soft_robot_learning/msg/sensor_processing.lisp, /home/robertslab/rl_workspace_0/devel/share/common-lisp/ros/soft_robot_learning/msg/sensor_processing.lisp)
