[35m[1mScanning dependencies of target _soft_robot_learning_generate_messages_check_deps_gcode_packager[0m
[  0%] Built target _soft_robot_learning_generate_messages_check_deps_gcode_packager
[35m[1mScanning dependencies of target _soft_robot_learning_generate_messages_check_deps_sensor_processing[0m
[  0%] Built target _soft_robot_learning_generate_messages_check_deps_sensor_processing
[35m[1mScanning dependencies of target std_msgs_generate_messages_cpp[0m
[  0%] Built target std_msgs_generate_messages_cpp
[35m[1mScanning dependencies of target _soft_robot_learning_generate_messages_check_deps_apriltag_data[0m
[  0%] Built target _soft_robot_learning_generate_messages_check_deps_apriltag_data
[35m[1mScanning dependencies of target std_msgs_generate_messages_nodejs[0m
[  0%] Built target std_msgs_generate_messages_nodejs
[35m[1mScanning dependencies of target std_msgs_generate_messages_eus[0m
[  0%] Built target std_msgs_generate_messages_eus
[35m[1mScanning dependencies of target std_msgs_generate_messages_py[0m
[  0%] Built target std_msgs_generate_messages_py
[35m[1mScanning dependencies of target std_msgs_generate_messages_lisp[0m
[  0%] Built target std_msgs_generate_messages_lisp
[35m[1mScanning dependencies of target soft_robot_learning_generate_messages_cpp[0m
[  5%] [34m[1mGenerating C++ code from soft_robot_learning/apriltag_data.msg[0m
[ 11%] [34m[1mGenerating C++ code from soft_robot_learning/sensor_processing.msg[0m
[ 17%] [34m[1mGenerating C++ code from soft_robot_learning/gcode_packager.msg[0m
[35m[1mScanning dependencies of target soft_robot_learning_generate_messages_nodejs[0m
[ 23%] [34m[1mGenerating Javascript code from soft_robot_learning/apriltag_data.msg[0m
[ 23%] Built target soft_robot_learning_generate_messages_cpp
[ 29%] [34m[1mGenerating Javascript code from soft_robot_learning/sensor_processing.msg[0m
[35m[1mScanning dependencies of target soft_robot_learning_generate_messages_eus[0m
[ 35%] [34m[1mGenerating EusLisp code from soft_robot_learning/apriltag_data.msg[0m
[ 41%] [34m[1mGenerating Javascript code from soft_robot_learning/gcode_packager.msg[0m
[ 41%] Built target soft_robot_learning_generate_messages_nodejs
[ 47%] [34m[1mGenerating EusLisp code from soft_robot_learning/sensor_processing.msg[0m
[35m[1mScanning dependencies of target soft_robot_learning_generate_messages_py[0m
[ 52%] [34m[1mGenerating EusLisp code from soft_robot_learning/gcode_packager.msg[0m
[ 58%] [34m[1mGenerating Python from MSG soft_robot_learning/apriltag_data[0m
[ 64%] [34m[1mGenerating EusLisp manifest code for soft_robot_learning[0m
[ 70%] [34m[1mGenerating Python from MSG soft_robot_learning/sensor_processing[0m
[ 76%] [34m[1mGenerating Python from MSG soft_robot_learning/gcode_packager[0m
[ 82%] [34m[1mGenerating Python msg __init__.py for soft_robot_learning[0m
[ 82%] Built target soft_robot_learning_generate_messages_py
[35m[1mScanning dependencies of target soft_robot_learning_generate_messages_lisp[0m
[ 88%] [34m[1mGenerating Lisp code from soft_robot_learning/apriltag_data.msg[0m
[ 94%] [34m[1mGenerating Lisp code from soft_robot_learning/sensor_processing.msg[0m
[100%] [34m[1mGenerating Lisp code from soft_robot_learning/gcode_packager.msg[0m
[100%] Built target soft_robot_learning_generate_messages_lisp
[100%] Built target soft_robot_learning_generate_messages_eus
[35m[1mScanning dependencies of target soft_robot_learning_generate_messages[0m
[100%] Built target soft_robot_learning_generate_messages
