Determining if the pthread_create exist failed with the following output:
Change Dir: /home/robertslab/rl_workspace_0/build/stereo_image_proc/CMakeFiles/CMakeTmp

Run Build Command:"/usr/bin/make" "cmTC_f557e/fast"
/usr/bin/make -f CMakeFiles/cmTC_f557e.dir/build.make CMakeFiles/cmTC_f557e.dir/build
make[1]: Entering directory '/home/robertslab/rl_workspace_0/build/stereo_image_proc/CMakeFiles/CMakeTmp'
Building C object CMakeFiles/cmTC_f557e.dir/CheckSymbolExists.c.o
/usr/bin/cc    -o CMakeFiles/cmTC_f557e.dir/CheckSymbolExists.c.o   -c /home/robertslab/rl_workspace_0/build/stereo_image_proc/CMakeFiles/CMakeTmp/CheckSymbolExists.c
Linking C executable cmTC_f557e
/usr/bin/cmake -E cmake_link_script CMakeFiles/cmTC_f557e.dir/link.txt --verbose=1
/usr/bin/cc      -rdynamic CMakeFiles/cmTC_f557e.dir/CheckSymbolExists.c.o  -o cmTC_f557e 
CMakeFiles/cmTC_f557e.dir/CheckSymbolExists.c.o: In function `main':
CheckSymbolExists.c:(.text+0x1b): undefined reference to `pthread_create'
collect2: error: ld returned 1 exit status
CMakeFiles/cmTC_f557e.dir/build.make:97: recipe for target 'cmTC_f557e' failed
make[1]: *** [cmTC_f557e] Error 1
make[1]: Leaving directory '/home/robertslab/rl_workspace_0/build/stereo_image_proc/CMakeFiles/CMakeTmp'
Makefile:126: recipe for target 'cmTC_f557e/fast' failed
make: *** [cmTC_f557e/fast] Error 2

File /home/robertslab/rl_workspace_0/build/stereo_image_proc/CMakeFiles/CMakeTmp/CheckSymbolExists.c:
/* */
#include <pthread.h>

int main(int argc, char** argv)
{
  (void)argv;
#ifndef pthread_create
  return ((int*)(&pthread_create))[argc];
#else
  (void)argc;
  return 0;
#endif
}

Determining if the function pthread_create exists in the pthreads failed with the following output:
Change Dir: /home/robertslab/rl_workspace_0/build/stereo_image_proc/CMakeFiles/CMakeTmp

Run Build Command:"/usr/bin/make" "cmTC_41c25/fast"
/usr/bin/make -f CMakeFiles/cmTC_41c25.dir/build.make CMakeFiles/cmTC_41c25.dir/build
make[1]: Entering directory '/home/robertslab/rl_workspace_0/build/stereo_image_proc/CMakeFiles/CMakeTmp'
Building C object CMakeFiles/cmTC_41c25.dir/CheckFunctionExists.c.o
/usr/bin/cc   -DCHECK_FUNCTION_EXISTS=pthread_create   -o CMakeFiles/cmTC_41c25.dir/CheckFunctionExists.c.o   -c /usr/share/cmake-3.10/Modules/CheckFunctionExists.c
Linking C executable cmTC_41c25
/usr/bin/cmake -E cmake_link_script CMakeFiles/cmTC_41c25.dir/link.txt --verbose=1
/usr/bin/cc  -DCHECK_FUNCTION_EXISTS=pthread_create    -rdynamic CMakeFiles/cmTC_41c25.dir/CheckFunctionExists.c.o  -o cmTC_41c25 -lpthreads 
/usr/bin/ld: cannot find -lpthreads
collect2: error: ld returned 1 exit status
CMakeFiles/cmTC_41c25.dir/build.make:97: recipe for target 'cmTC_41c25' failed
make[1]: *** [cmTC_41c25] Error 1
make[1]: Leaving directory '/home/robertslab/rl_workspace_0/build/stereo_image_proc/CMakeFiles/CMakeTmp'
Makefile:126: recipe for target 'cmTC_41c25/fast' failed
make: *** [cmTC_41c25/fast] Error 2


