Determining if the pthread_create exist failed with the following output:
Change Dir: /home/robertslab/rl_workspace_0/build/soft_robot_learning/CMakeFiles/CMakeTmp

Run Build Command:"/usr/bin/make" "cmTC_fb124/fast"
/usr/bin/make -f CMakeFiles/cmTC_fb124.dir/build.make CMakeFiles/cmTC_fb124.dir/build
make[1]: Entering directory '/home/robertslab/rl_workspace_0/build/soft_robot_learning/CMakeFiles/CMakeTmp'
Building C object CMakeFiles/cmTC_fb124.dir/CheckSymbolExists.c.o
/usr/bin/cc    -o CMakeFiles/cmTC_fb124.dir/CheckSymbolExists.c.o   -c /home/robertslab/rl_workspace_0/build/soft_robot_learning/CMakeFiles/CMakeTmp/CheckSymbolExists.c
Linking C executable cmTC_fb124
/usr/bin/cmake -E cmake_link_script CMakeFiles/cmTC_fb124.dir/link.txt --verbose=1
/usr/bin/cc      -rdynamic CMakeFiles/cmTC_fb124.dir/CheckSymbolExists.c.o  -o cmTC_fb124 
CMakeFiles/cmTC_fb124.dir/CheckSymbolExists.c.o: In function `main':
CheckSymbolExists.c:(.text+0x1b): undefined reference to `pthread_create'
collect2: error: ld returned 1 exit status
CMakeFiles/cmTC_fb124.dir/build.make:97: recipe for target 'cmTC_fb124' failed
make[1]: *** [cmTC_fb124] Error 1
make[1]: Leaving directory '/home/robertslab/rl_workspace_0/build/soft_robot_learning/CMakeFiles/CMakeTmp'
Makefile:126: recipe for target 'cmTC_fb124/fast' failed
make: *** [cmTC_fb124/fast] Error 2

File /home/robertslab/rl_workspace_0/build/soft_robot_learning/CMakeFiles/CMakeTmp/CheckSymbolExists.c:
/* */
#include <pthread.h>

int main(int argc, char** argv)
{
  (void)argv;
#ifndef pthread_create
  return ((int*)(&pthread_create))[argc];
#else
  (void)argc;
  return 0;
#endif
}

Determining if the function pthread_create exists in the pthreads failed with the following output:
Change Dir: /home/robertslab/rl_workspace_0/build/soft_robot_learning/CMakeFiles/CMakeTmp

Run Build Command:"/usr/bin/make" "cmTC_f3513/fast"
/usr/bin/make -f CMakeFiles/cmTC_f3513.dir/build.make CMakeFiles/cmTC_f3513.dir/build
make[1]: Entering directory '/home/robertslab/rl_workspace_0/build/soft_robot_learning/CMakeFiles/CMakeTmp'
Building C object CMakeFiles/cmTC_f3513.dir/CheckFunctionExists.c.o
/usr/bin/cc   -DCHECK_FUNCTION_EXISTS=pthread_create   -o CMakeFiles/cmTC_f3513.dir/CheckFunctionExists.c.o   -c /usr/share/cmake-3.10/Modules/CheckFunctionExists.c
Linking C executable cmTC_f3513
/usr/bin/cmake -E cmake_link_script CMakeFiles/cmTC_f3513.dir/link.txt --verbose=1
/usr/bin/cc  -DCHECK_FUNCTION_EXISTS=pthread_create    -rdynamic CMakeFiles/cmTC_f3513.dir/CheckFunctionExists.c.o  -o cmTC_f3513 -lpthreads 
/usr/bin/ld: cannot find -lpthreads
collect2: error: ld returned 1 exit status
CMakeFiles/cmTC_f3513.dir/build.make:97: recipe for target 'cmTC_f3513' failed
make[1]: *** [cmTC_f3513] Error 1
make[1]: Leaving directory '/home/robertslab/rl_workspace_0/build/soft_robot_learning/CMakeFiles/CMakeTmp'
Makefile:126: recipe for target 'cmTC_f3513/fast' failed
make: *** [cmTC_f3513/fast] Error 2


